[2025-12-21 22:55:20] [INFO] preprocessing.py:16 - Loaded temp_audio.wav with sample rate 16000
[2025-12-21 22:55:20] [INFO] preprocessing.py:19 - Trimming silence...
[2025-12-21 22:55:22] [INFO] preprocessing.py:21 - silence trimmed, new length: 44032 samples
[2025-12-21 22:55:22] [INFO] preprocessing.py:24 - Normalizing audio...
[2025-12-21 22:55:22] [INFO] preprocessing.py:26 - Audio normalized
[2025-12-21 22:55:22] [INFO] preprocessing.py:30 - Audio length fixed to 48000 samples
[2025-12-21 22:55:22] [INFO] preprocessing.py:33 - Extracting MFCC features...
[2025-12-21 22:55:22] [INFO] preprocessing.py:35 - Mfcc features extracted with shape: (13, 94)
[2025-12-21 22:55:22] [INFO] preprocessing.py:38 - Fixing the mfcc length....
[2025-12-21 22:55:22] [INFO] preprocessing.py:40 - MFCC features fixed with shape: (13, 300)
[2025-12-21 22:55:22] [INFO] preprocessing.py:43 - Extracting the delta variables...
[2025-12-21 22:55:22] [INFO] preprocessing.py:46 - delta and delta-delta extracted with (13, 300) and (13, 300)
[2025-12-21 22:56:33] [INFO] preprocessing.py:16 - Loaded temp_audio.wav with sample rate 16000
[2025-12-21 22:56:33] [INFO] preprocessing.py:19 - Trimming silence...
[2025-12-21 22:56:33] [INFO] preprocessing.py:21 - silence trimmed, new length: 42496 samples
[2025-12-21 22:56:33] [INFO] preprocessing.py:24 - Normalizing audio...
[2025-12-21 22:56:33] [INFO] preprocessing.py:26 - Audio normalized
[2025-12-21 22:56:33] [INFO] preprocessing.py:30 - Audio length fixed to 48000 samples
[2025-12-21 22:56:33] [INFO] preprocessing.py:33 - Extracting MFCC features...
[2025-12-21 22:56:33] [INFO] preprocessing.py:35 - Mfcc features extracted with shape: (13, 94)
[2025-12-21 22:56:33] [INFO] preprocessing.py:38 - Fixing the mfcc length....
[2025-12-21 22:56:33] [INFO] preprocessing.py:40 - MFCC features fixed with shape: (13, 300)
[2025-12-21 22:56:33] [INFO] preprocessing.py:43 - Extracting the delta variables...
[2025-12-21 22:56:33] [INFO] preprocessing.py:46 - delta and delta-delta extracted with (13, 300) and (13, 300)
[2025-12-21 23:12:38] [INFO] preprocessing.py:16 - Loaded temp_audio.wav with sample rate 16000
[2025-12-21 23:12:38] [INFO] preprocessing.py:19 - Trimming silence...
[2025-12-21 23:12:38] [INFO] preprocessing.py:21 - silence trimmed, new length: 89088 samples
[2025-12-21 23:12:38] [INFO] preprocessing.py:24 - Normalizing audio...
[2025-12-21 23:12:38] [INFO] preprocessing.py:26 - Audio normalized
[2025-12-21 23:12:38] [INFO] preprocessing.py:30 - Audio length fixed to 48000 samples
[2025-12-21 23:12:38] [INFO] preprocessing.py:33 - Extracting MFCC features...
[2025-12-21 23:12:38] [INFO] preprocessing.py:35 - Mfcc features extracted with shape: (13, 94)
[2025-12-21 23:12:38] [INFO] preprocessing.py:38 - Fixing the mfcc length....
[2025-12-21 23:12:38] [INFO] preprocessing.py:40 - MFCC features fixed with shape: (13, 300)
[2025-12-21 23:12:38] [INFO] preprocessing.py:43 - Extracting the delta variables...
[2025-12-21 23:12:38] [INFO] preprocessing.py:46 - delta and delta-delta extracted with (13, 300) and (13, 300)
[2025-12-21 23:12:48] [INFO] preprocessing.py:16 - Loaded temp_audio.wav with sample rate 16000
[2025-12-21 23:12:48] [INFO] preprocessing.py:19 - Trimming silence...
[2025-12-21 23:12:48] [INFO] preprocessing.py:21 - silence trimmed, new length: 89088 samples
[2025-12-21 23:12:48] [INFO] preprocessing.py:24 - Normalizing audio...
[2025-12-21 23:12:48] [INFO] preprocessing.py:26 - Audio normalized
[2025-12-21 23:12:48] [INFO] preprocessing.py:30 - Audio length fixed to 48000 samples
[2025-12-21 23:12:48] [INFO] preprocessing.py:33 - Extracting MFCC features...
[2025-12-21 23:12:48] [INFO] preprocessing.py:35 - Mfcc features extracted with shape: (13, 94)
[2025-12-21 23:12:48] [INFO] preprocessing.py:38 - Fixing the mfcc length....
[2025-12-21 23:12:48] [INFO] preprocessing.py:40 - MFCC features fixed with shape: (13, 300)
[2025-12-21 23:12:48] [INFO] preprocessing.py:43 - Extracting the delta variables...
[2025-12-21 23:12:49] [INFO] preprocessing.py:46 - delta and delta-delta extracted with (13, 300) and (13, 300)
[2025-12-21 23:12:49] [INFO] preprocessing.py:16 - Loaded temp_audio.wav with sample rate 16000
[2025-12-21 23:12:49] [INFO] preprocessing.py:19 - Trimming silence...
[2025-12-21 23:12:49] [INFO] preprocessing.py:21 - silence trimmed, new length: 89088 samples
[2025-12-21 23:12:49] [INFO] preprocessing.py:24 - Normalizing audio...
[2025-12-21 23:12:49] [INFO] preprocessing.py:26 - Audio normalized
[2025-12-21 23:12:49] [INFO] preprocessing.py:30 - Audio length fixed to 48000 samples
[2025-12-21 23:12:49] [INFO] preprocessing.py:33 - Extracting MFCC features...
[2025-12-21 23:12:49] [INFO] preprocessing.py:35 - Mfcc features extracted with shape: (13, 94)
[2025-12-21 23:12:49] [INFO] preprocessing.py:38 - Fixing the mfcc length....
[2025-12-21 23:12:49] [INFO] preprocessing.py:40 - MFCC features fixed with shape: (13, 300)
[2025-12-21 23:12:49] [INFO] preprocessing.py:43 - Extracting the delta variables...
[2025-12-21 23:12:49] [INFO] preprocessing.py:46 - delta and delta-delta extracted with (13, 300) and (13, 300)
[2025-12-21 23:16:44] [INFO] preprocessing.py:16 - Loaded temp_audio.wav with sample rate 16000
[2025-12-21 23:16:44] [INFO] preprocessing.py:19 - Trimming silence...
[2025-12-21 23:16:44] [INFO] preprocessing.py:21 - silence trimmed, new length: 89088 samples
[2025-12-21 23:16:44] [INFO] preprocessing.py:24 - Normalizing audio...
[2025-12-21 23:16:44] [INFO] preprocessing.py:26 - Audio normalized
[2025-12-21 23:16:44] [INFO] preprocessing.py:30 - Audio length fixed to 48000 samples
[2025-12-21 23:16:44] [INFO] preprocessing.py:33 - Extracting MFCC features...
[2025-12-21 23:16:44] [INFO] preprocessing.py:35 - Mfcc features extracted with shape: (13, 94)
[2025-12-21 23:16:44] [INFO] preprocessing.py:38 - Fixing the mfcc length....
[2025-12-21 23:16:44] [INFO] preprocessing.py:40 - MFCC features fixed with shape: (13, 300)
[2025-12-21 23:16:44] [INFO] preprocessing.py:43 - Extracting the delta variables...
[2025-12-21 23:16:44] [INFO] preprocessing.py:46 - delta and delta-delta extracted with (13, 300) and (13, 300)
[2025-12-21 23:16:50] [INFO] preprocessing.py:16 - Loaded temp_audio.wav with sample rate 16000
[2025-12-21 23:16:50] [INFO] preprocessing.py:19 - Trimming silence...
[2025-12-21 23:16:50] [INFO] preprocessing.py:21 - silence trimmed, new length: 89088 samples
[2025-12-21 23:16:50] [INFO] preprocessing.py:24 - Normalizing audio...
[2025-12-21 23:16:50] [INFO] preprocessing.py:26 - Audio normalized
[2025-12-21 23:16:50] [INFO] preprocessing.py:30 - Audio length fixed to 48000 samples
[2025-12-21 23:16:50] [INFO] preprocessing.py:33 - Extracting MFCC features...
[2025-12-21 23:16:50] [INFO] preprocessing.py:35 - Mfcc features extracted with shape: (13, 94)
[2025-12-21 23:16:50] [INFO] preprocessing.py:38 - Fixing the mfcc length....
[2025-12-21 23:16:50] [INFO] preprocessing.py:40 - MFCC features fixed with shape: (13, 300)
[2025-12-21 23:16:50] [INFO] preprocessing.py:43 - Extracting the delta variables...
[2025-12-21 23:16:50] [INFO] preprocessing.py:46 - delta and delta-delta extracted with (13, 300) and (13, 300)
[2025-12-21 23:17:21] [INFO] preprocessing.py:16 - Loaded temp_audio.wav with sample rate 16000
[2025-12-21 23:17:21] [INFO] preprocessing.py:19 - Trimming silence...
[2025-12-21 23:17:21] [INFO] preprocessing.py:21 - silence trimmed, new length: 89088 samples
[2025-12-21 23:17:21] [INFO] preprocessing.py:24 - Normalizing audio...
[2025-12-21 23:17:21] [INFO] preprocessing.py:26 - Audio normalized
[2025-12-21 23:17:21] [INFO] preprocessing.py:30 - Audio length fixed to 48000 samples
[2025-12-21 23:17:21] [INFO] preprocessing.py:33 - Extracting MFCC features...
[2025-12-21 23:17:21] [INFO] preprocessing.py:35 - Mfcc features extracted with shape: (13, 94)
[2025-12-21 23:17:21] [INFO] preprocessing.py:38 - Fixing the mfcc length....
[2025-12-21 23:17:21] [INFO] preprocessing.py:40 - MFCC features fixed with shape: (13, 300)
[2025-12-21 23:17:21] [INFO] preprocessing.py:43 - Extracting the delta variables...
[2025-12-21 23:17:21] [INFO] preprocessing.py:46 - delta and delta-delta extracted with (13, 300) and (13, 300)
[2025-12-21 23:17:22] [INFO] preprocessing.py:16 - Loaded temp_audio.wav with sample rate 16000
[2025-12-21 23:17:22] [INFO] preprocessing.py:19 - Trimming silence...
[2025-12-21 23:17:22] [INFO] preprocessing.py:21 - silence trimmed, new length: 89088 samples
[2025-12-21 23:17:22] [INFO] preprocessing.py:24 - Normalizing audio...
[2025-12-21 23:17:22] [INFO] preprocessing.py:26 - Audio normalized
[2025-12-21 23:17:22] [INFO] preprocessing.py:30 - Audio length fixed to 48000 samples
[2025-12-21 23:17:22] [INFO] preprocessing.py:33 - Extracting MFCC features...
[2025-12-21 23:17:22] [INFO] preprocessing.py:35 - Mfcc features extracted with shape: (13, 94)
[2025-12-21 23:17:22] [INFO] preprocessing.py:38 - Fixing the mfcc length....
[2025-12-21 23:17:22] [INFO] preprocessing.py:40 - MFCC features fixed with shape: (13, 300)
[2025-12-21 23:17:22] [INFO] preprocessing.py:43 - Extracting the delta variables...
[2025-12-21 23:17:22] [INFO] preprocessing.py:46 - delta and delta-delta extracted with (13, 300) and (13, 300)
[2025-12-21 23:17:22] [INFO] preprocessing.py:16 - Loaded temp_audio.wav with sample rate 16000
[2025-12-21 23:17:22] [INFO] preprocessing.py:19 - Trimming silence...
[2025-12-21 23:17:22] [INFO] preprocessing.py:21 - silence trimmed, new length: 89088 samples
[2025-12-21 23:17:22] [INFO] preprocessing.py:24 - Normalizing audio...
[2025-12-21 23:17:22] [INFO] preprocessing.py:26 - Audio normalized
[2025-12-21 23:17:22] [INFO] preprocessing.py:30 - Audio length fixed to 48000 samples
[2025-12-21 23:17:22] [INFO] preprocessing.py:33 - Extracting MFCC features...
[2025-12-21 23:17:22] [INFO] preprocessing.py:35 - Mfcc features extracted with shape: (13, 94)
[2025-12-21 23:17:22] [INFO] preprocessing.py:38 - Fixing the mfcc length....
[2025-12-21 23:17:22] [INFO] preprocessing.py:40 - MFCC features fixed with shape: (13, 300)
[2025-12-21 23:17:22] [INFO] preprocessing.py:43 - Extracting the delta variables...
[2025-12-21 23:17:22] [INFO] preprocessing.py:46 - delta and delta-delta extracted with (13, 300) and (13, 300)
[2025-12-21 23:17:57] [INFO] preprocessing.py:16 - Loaded temp_audio.wav with sample rate 16000
[2025-12-21 23:17:57] [INFO] preprocessing.py:19 - Trimming silence...
[2025-12-21 23:17:57] [INFO] preprocessing.py:21 - silence trimmed, new length: 89088 samples
[2025-12-21 23:17:57] [INFO] preprocessing.py:24 - Normalizing audio...
[2025-12-21 23:17:57] [INFO] preprocessing.py:26 - Audio normalized
[2025-12-21 23:17:57] [INFO] preprocessing.py:30 - Audio length fixed to 48000 samples
[2025-12-21 23:17:57] [INFO] preprocessing.py:33 - Extracting MFCC features...
[2025-12-21 23:17:57] [INFO] preprocessing.py:35 - Mfcc features extracted with shape: (13, 94)
[2025-12-21 23:17:57] [INFO] preprocessing.py:38 - Fixing the mfcc length....
[2025-12-21 23:17:57] [INFO] preprocessing.py:40 - MFCC features fixed with shape: (13, 300)
[2025-12-21 23:17:57] [INFO] preprocessing.py:43 - Extracting the delta variables...
[2025-12-21 23:17:57] [INFO] preprocessing.py:46 - delta and delta-delta extracted with (13, 300) and (13, 300)
[2025-12-21 23:18:06] [INFO] preprocessing.py:16 - Loaded temp_audio.wav with sample rate 16000
[2025-12-21 23:18:06] [INFO] preprocessing.py:19 - Trimming silence...
[2025-12-21 23:18:06] [INFO] preprocessing.py:21 - silence trimmed, new length: 89088 samples
[2025-12-21 23:18:06] [INFO] preprocessing.py:24 - Normalizing audio...
[2025-12-21 23:18:06] [INFO] preprocessing.py:26 - Audio normalized
[2025-12-21 23:18:06] [INFO] preprocessing.py:30 - Audio length fixed to 48000 samples
[2025-12-21 23:18:06] [INFO] preprocessing.py:33 - Extracting MFCC features...
[2025-12-21 23:18:06] [INFO] preprocessing.py:35 - Mfcc features extracted with shape: (13, 94)
[2025-12-21 23:18:06] [INFO] preprocessing.py:38 - Fixing the mfcc length....
[2025-12-21 23:18:06] [INFO] preprocessing.py:40 - MFCC features fixed with shape: (13, 300)
[2025-12-21 23:18:06] [INFO] preprocessing.py:43 - Extracting the delta variables...
[2025-12-21 23:18:06] [INFO] preprocessing.py:46 - delta and delta-delta extracted with (13, 300) and (13, 300)
[2025-12-21 23:19:11] [INFO] preprocessing.py:16 - Loaded temp_audio.wav with sample rate 16000
[2025-12-21 23:19:11] [INFO] preprocessing.py:19 - Trimming silence...
[2025-12-21 23:19:11] [INFO] preprocessing.py:21 - silence trimmed, new length: 89088 samples
[2025-12-21 23:19:11] [INFO] preprocessing.py:24 - Normalizing audio...
[2025-12-21 23:19:11] [INFO] preprocessing.py:26 - Audio normalized
[2025-12-21 23:19:11] [INFO] preprocessing.py:30 - Audio length fixed to 48000 samples
[2025-12-21 23:19:11] [INFO] preprocessing.py:33 - Extracting MFCC features...
[2025-12-21 23:19:11] [INFO] preprocessing.py:35 - Mfcc features extracted with shape: (13, 94)
[2025-12-21 23:19:11] [INFO] preprocessing.py:38 - Fixing the mfcc length....
[2025-12-21 23:19:11] [INFO] preprocessing.py:40 - MFCC features fixed with shape: (13, 300)
[2025-12-21 23:19:11] [INFO] preprocessing.py:43 - Extracting the delta variables...
[2025-12-21 23:19:11] [INFO] preprocessing.py:46 - delta and delta-delta extracted with (13, 300) and (13, 300)
